<?xml version="1.0" encoding="UTF-8"?>
<testsuite name="TaskTest" tests="4" skipped="0" failures="0" errors="0" timestamp="2016-05-02T20:40:05" hostname="epicodus-44.local" time="0.125">
  <properties/>
  <testcase name="equals_returnsTrueIfDescriptionsAretheSame" classname="TaskTest" time="0.083"/>
  <testcase name="all_emptyAtFirst" classname="TaskTest" time="0.032"/>
  <testcase name="getDescription_taskInstantiatesWithDescription_String" classname="TaskTest" time="0.004"/>
  <testcase name="Task_instantiatesCorrectly_true" classname="TaskTest" time="0.004"/>
  <system-out><![CDATA[]]></system-out>
  <system-err><![CDATA[]]></system-err>
</testsuite>
