<?xml version="1.0" encoding="UTF-8"?>
<testsuite name="CategoryTest" tests="10" skipped="0" failures="0" errors="0" timestamp="2016-05-09T23:17:52" hostname="epicodus-36.local" time="0.183">
  <properties/>
  <testcase name="save_savesObjectIntoDatabase_true" classname="CategoryTest" time="0.017"/>
  <testcase name="getName_categoryInstantiatesWithName_String" classname="CategoryTest" time="0.006"/>
  <testcase name="Category_instantiatesCorrectly_true" classname="CategoryTest" time="0.005"/>
  <testcase name="getTasks_returnsAllTasks_List" classname="CategoryTest" time="0.032"/>
  <testcase name="all_emptyAtFirst_0" classname="CategoryTest" time="0.011"/>
  <testcase name="find_findCategoryInDatabase_true" classname="CategoryTest" time="0.016"/>
  <testcase name="delete_deletesAllTasksAndCategoriesAssociations" classname="CategoryTest" time="0.036"/>
  <testcase name="save_assignsIdToObject_int" classname="CategoryTest" time="0.017"/>
  <testcase name="equals_returnsTrueIfNamesAretheSame_true" classname="CategoryTest" time="0.007"/>
  <testcase name="addTask_addsTaskToCategory_true" classname="CategoryTest" time="0.035"/>
  <system-out><![CDATA[]]></system-out>
  <system-err><![CDATA[]]></system-err>
</testsuite>
