<?xml version="1.0" encoding="UTF-8"?>
<testsuite name="TaskTest" tests="10" skipped="0" failures="0" errors="0" timestamp="2016-05-07T06:17:30" hostname="epicodus-87.local" time="0.109">
  <properties/>
  <testcase name="equals_returnsTrueIfDescriptionsAretheSame" classname="TaskTest" time="0.004"/>
  <testcase name="save_returnsTrueIfDescriptionsAretheSame" classname="TaskTest" time="0.012"/>
  <testcase name="save_savesCategoryIdIntoDB_true" classname="TaskTest" time="0.017"/>
  <testcase name="delete_deletesTask_true" classname="TaskTest" time="0.016"/>
  <testcase name="all_emptyAtFirst" classname="TaskTest" time="0.009"/>
  <testcase name="getDescription_taskInstantiatesWithDescription_String" classname="TaskTest" time="0.004"/>
  <testcase name="save_assignsIdToObject" classname="TaskTest" time="0.013"/>
  <testcase name="Task_instantiatesCorrectly_true" classname="TaskTest" time="0.004"/>
  <testcase name="find_findsTaskInDatabase_true" classname="TaskTest" time="0.012"/>
  <testcase name="update_updatesTaskDescription_true" classname="TaskTest" time="0.016"/>
  <system-out><![CDATA[]]></system-out>
  <system-err><![CDATA[]]></system-err>
</testsuite>
